# JRE version: OpenJDK Runtime Environment (8.0_152-b02) (build 1.8.0_152-release-1024-b02)
# Java VM: OpenJDK 64-Bit Server VM (25.152-b02 mixed mode windows-amd64 compressed oops)
Heap:
 PSYoungGen      total 55808K, used 53282K [0x00000000e0000000, 0x00000000e4900000, 0x0000000100000000)
  eden space 50176K, 95% used [0x00000000e0000000,0x00000000e2ed10d0,0x00000000e3100000)
  from space 5632K, 94% used [0x00000000e3280000,0x00000000e37b7aa8,0x00000000e3800000)
  to   space 12288K, 0% used [0x00000000e3d00000,0x00000000e3d00000,0x00000000e4900000)
 ParOldGen       total 64000K, used 34475K [0x00000000a0000000, 0x00000000a3e80000, 0x00000000e0000000)
  object space 64000K, 53% used [0x00000000a0000000,0x00000000a21aaf70,0x00000000a3e80000)
 Metaspace       used 63075K, capacity 65076K, committed 65240K, reserved 1105920K
  class space    used 8136K, capacity 8647K, committed 8704K, reserved 1048576K
GC Heap History (10 events):
Event: 921.519 GC heap before
{Heap before GC invocations=32 (full 2):
 PSYoungGen      total 64512K, used 64492K [0x00000000e0000000, 0x00000000e5580000, 0x0000000100000000)
  eden space 56320K, 100% used [0x00000000e0000000,0x00000000e3700000,0x00000000e3700000)
  from space 8192K, 99% used [0x00000000e4b80000,0x00000000e537b2e0,0x00000000e5380000)
  to   space 2048K, 0% used [0x00000000e5380000,0x00000000e5380000,0x00000000e5580000)
 ParOldGen       total 43520K, used 24748K [0x00000000a0000000, 0x00000000a2a80000, 0x00000000e0000000)
  object space 43520K, 56% used [0x00000000a0000000,0x00000000a182b200,0x00000000a2a80000)
 Metaspace       used 57272K, capacity 58662K, committed 58968K, reserved 1099776K
  class space    used 7300K, capacity 7692K, committed 7808K, reserved 1048576K
Event: 921.541 GC heap after
Heap after GC invocations=32 (full 2):
 PSYoungGen      total 56832K, used 2016K [0x00000000e0000000, 0x00000000e5580000, 0x0000000100000000)
  eden space 54784K, 0% used [0x00000000e0000000,0x00000000e0000000,0x00000000e3580000)
  from space 2048K, 98% used [0x00000000e5380000,0x00000000e5578028,0x00000000e5580000)
  to   space 13824K, 0% used [0x00000000e3a80000,0x00000000e3a80000,0x00000000e4800000)
 ParOldGen       total 43520K, used 35591K [0x00000000a0000000, 0x00000000a2a80000, 0x00000000e0000000)
  object space 43520K, 81% used [0x00000000a0000000,0x00000000a22c1fb8,0x00000000a2a80000)
 Metaspace       used 57272K, capacity 58662K, committed 58968K, reserved 1099776K
  class space    used 7300K, capacity 7692K, committed 7808K, reserved 1048576K
}
Event: 925.090 GC heap before
{Heap before GC invocations=33 (full 2):
 PSYoungGen      total 56832K, used 16617K [0x00000000e0000000, 0x00000000e5580000, 0x0000000100000000)
  eden space 54784K, 26% used [0x00000000e0000000,0x00000000e0e42440,0x00000000e3580000)
  from space 2048K, 98% used [0x00000000e5380000,0x00000000e5578028,0x00000000e5580000)
  to   space 13824K, 0% used [0x00000000e3a80000,0x00000000e3a80000,0x00000000e4800000)
 ParOldGen       total 43520K, used 35591K [0x00000000a0000000, 0x00000000a2a80000, 0x00000000e0000000)
  object space 43520K, 81% used [0x00000000a0000000,0x00000000a22c1fb8,0x00000000a2a80000)
 Metaspace       used 57484K, capacity 58862K, committed 58968K, reserved 1099776K
  class space    used 7306K, capacity 7704K, committed 7808K, reserved 1048576K
Event: 925.099 GC heap after
Heap after GC invocations=33 (full 2):
 PSYoungGen      total 56832K, used 3536K [0x00000000e0000000, 0x00000000e5400000, 0x0000000100000000)
  eden space 53248K, 0% used [0x00000000e0000000,0x00000000e0000000,0x00000000e3400000)
  from space 3584K, 98% used [0x00000000e3a80000,0x00000000e3df4118,0x00000000e3e00000)
  to   space 12800K, 0% used [0x00000000e4780000,0x00000000e4780000,0x00000000e5400000)
 ParOldGen       total 43520K, used 36091K [0x00000000a0000000, 0x00000000a2a80000, 0x00000000e0000000)
  object space 43520K, 82% used [0x00000000a0000000,0x00000000a233efc8,0x00000000a2a80000)
 Metaspace       used 57484K, capacity 58862K, committed 58968K, reserved 1099776K
  class space    used 7306K, capacity 7704K, committed 7808K, reserved 1048576K
}
Event: 925.099 GC heap before
{Heap before GC invocations=34 (full 3):
 PSYoungGen      total 56832K, used 3536K [0x00000000e0000000, 0x00000000e5400000, 0x0000000100000000)
  eden space 53248K, 0% used [0x00000000e0000000,0x00000000e0000000,0x00000000e3400000)
  from space 3584K, 98% used [0x00000000e3a80000,0x00000000e3df4118,0x00000000e3e00000)
  to   space 12800K, 0% used [0x00000000e4780000,0x00000000e4780000,0x00000000e5400000)
 ParOldGen       total 43520K, used 36091K [0x00000000a0000000, 0x00000000a2a80000, 0x00000000e0000000)
  object space 43520K, 82% used [0x00000000a0000000,0x00000000a233efc8,0x00000000a2a80000)
 Metaspace       used 57484K, capacity 58862K, committed 58968K, reserved 1099776K
  class space    used 7306K, capacity 7704K, committed 7808K, reserved 1048576K
Event: 925.382 GC heap after
Heap after GC invocations=34 (full 3):
 PSYoungGen      total 56832K, used 0K [0x00000000e0000000, 0x00000000e5400000, 0x0000000100000000)
  eden space 53248K, 0% used [0x00000000e0000000,0x00000000e0000000,0x00000000e3400000)
  from space 3584K, 0% used [0x00000000e3a80000,0x00000000e3a80000,0x00000000e3e00000)
  to   space 12800K, 0% used [0x00000000e4780000,0x00000000e4780000,0x00000000e5400000)
 ParOldGen       total 64000K, used 34279K [0x00000000a0000000, 0x00000000a3e80000, 0x00000000e0000000)
  object space 64000K, 53% used [0x00000000a0000000,0x00000000a2179f30,0x00000000a3e80000)
 Metaspace       used 57445K, capacity 58756K, committed 58968K, reserved 1099776K
  class space    used 7295K, capacity 7690K, committed 7808K, reserved 1048576K
}
Event: 4127.856 GC heap before
{Heap before GC invocations=35 (full 3):
 PSYoungGen      total 56832K, used 53240K [0x00000000e0000000, 0x00000000e5400000, 0x0000000100000000)
  eden space 53248K, 99% used [0x00000000e0000000,0x00000000e33fe220,0x00000000e3400000)
  from space 3584K, 0% used [0x00000000e3a80000,0x00000000e3a80000,0x00000000e3e00000)
  to   space 12800K, 0% used [0x00000000e4780000,0x00000000e4780000,0x00000000e5400000)
 ParOldGen       total 64000K, used 34279K [0x00000000a0000000, 0x00000000a3e80000, 0x00000000e0000000)
  object space 64000K, 53% used [0x00000000a0000000,0x00000000a2179f30,0x00000000a3e80000)
 Metaspace       used 57776K, capacity 59128K, committed 59480K, reserved 1101824K
  class space    used 7309K, capacity 7698K, committed 7808K, reserved 1048576K
Event: 4133.603 GC heap after
Heap after GC invocations=35 (full 3):
 PSYoungGen      total 55808K, used 960K [0x00000000e0000000, 0x00000000e4b80000, 0x0000000100000000)
  eden space 51712K, 0% used [0x00000000e0000000,0x00000000e0000000,0x00000000e3280000)
  from space 4096K, 23% used [0x00000000e4780000,0x00000000e4870000,0x00000000e4b80000)
  to   space 12800K, 0% used [0x00000000e3280000,0x00000000e3280000,0x00000000e3f00000)
 ParOldGen       total 64000K, used 34287K [0x00000000a0000000, 0x00000000a3e80000, 0x00000000e0000000)
  object space 64000K, 53% used [0x00000000a0000000,0x00000000a217bf30,0x00000000a3e80000)
 Metaspace       used 57776K, capacity 59128K, committed 59480K, reserved 1101824K
  class space    used 7309K, capacity 7698K, committed 7808K, reserved 1048576K
}
Event: 4206.257 GC heap before
{Heap before GC invocations=36 (full 3):
 PSYoungGen      total 55808K, used 52672K [0x00000000e0000000, 0x00000000e4b80000, 0x0000000100000000)
  eden space 51712K, 100% used [0x00000000e0000000,0x00000000e3280000,0x00000000e3280000)
  from space 4096K, 23% used [0x00000000e4780000,0x00000000e4870000,0x00000000e4b80000)
  to   space 12800K, 0% used [0x00000000e3280000,0x00000000e3280000,0x00000000e3f00000)
 ParOldGen       total 64000K, used 34287K [0x00000000a0000000, 0x00000000a3e80000, 0x00000000e0000000)
  object space 64000K, 53% used [0x00000000a0000000,0x00000000a217bf30,0x00000000a3e80000)
 Metaspace       used 60545K, capacity 62294K, committed 62424K, reserved 1103872K
  class space    used 7706K, capacity 8163K, committed 8192K, reserved 1048576K
Event: 4206.315 GC heap after
Heap after GC invocations=36 (full 3):
 PSYoungGen      total 55808K, used 5342K [0x00000000e0000000, 0x00000000e4900000, 0x0000000100000000)
  eden space 50176K, 0% used [0x00000000e0000000,0x00000000e0000000,0x00000000e3100000)
  from space 5632K, 94% used [0x00000000e3280000,0x00000000e37b7aa8,0x00000000e3800000)
  to   space 12288K, 0% used [0x00000000e3d00000,0x00000000e3d00000,0x00000000e4900000)
 ParOldGen       total 64000K, used 34475K [0x00000000a0000000, 0x00000000a3e80000, 0x00000000e0000000)
  object space 64000K, 53% used [0x00000000a0000000,0x00000000a21aaf70,0x00000000a3e80000)
 Metaspace       used 60545K, capacity 62294K, committed 62424K, reserved 1103872K
  class space    used 7706K, capacity 8163K, committed 8192K, reserved 1048576K
}

